<?xml version="1.0" encoding="UTF-8"?>
<testng-results skipped="0" failed="2" total="5" passed="3">
  <reporter-output>
  </reporter-output>
  <suite name="Suite1" duration-ms="240379" started-at="2019-02-17T23:28:00Z" finished-at="2019-02-17T23:32:00Z">
    <groups>
      <group name="functest">
        <method signature="SanityTest.Sanitytest1(java.lang.String)[pri:1, instance:TestNG_Test.SanityTest@2ef9b8bc]" name="Sanitytest1" class="TestNG_Test.SanityTest"/>
        <method signature="SanityTest.Sanitytest3()[pri:1, instance:TestNG_Test.SanityTest@2ef9b8bc]" name="Sanitytest3" class="TestNG_Test.SanityTest"/>
        <method signature="SmokeTest.SmokeTest1()[pri:1, instance:TestNG_Test.SmokeTest@5d624da6]" name="SmokeTest1" class="TestNG_Test.SmokeTest"/>
        <method signature="SmokeTest.Smoketest2()[pri:-2, instance:TestNG_Test.SmokeTest@5d624da6]" name="Smoketest2" class="TestNG_Test.SmokeTest"/>
        <method signature="SmokeTest.Smoketest3()[pri:0, instance:TestNG_Test.SmokeTest@5d624da6]" name="Smoketest3" class="TestNG_Test.SmokeTest"/>
      </group>
    </groups>
    <test name="Regression2" duration-ms="240379" started-at="2019-02-17T23:28:00Z" finished-at="2019-02-17T23:32:00Z">
      <class name="TestNG_Test.SmokeTest">
        <test-method status="PASS" signature="beforemethod(java.lang.reflect.Method)[pri:0, instance:TestNG_Test.SmokeTest@5d624da6]" name="beforemethod" is-config="true" duration-ms="18035" started-at="2019-02-17T23:28:00Z" finished-at="2019-02-17T23:28:18Z">
          <params>
            <param index="0">
              <value>
                <![CDATA[public void TestNG_Test.SmokeTest.Smoketest2() throws java.lang.InterruptedException]]>
              </value>
            </param>
          </params>
        </test-method>
        <test-method status="FAIL" signature="Smoketest2()[pri:-2, instance:TestNG_Test.SmokeTest@5d624da6]" name="Smoketest2" duration-ms="14368" started-at="2019-02-17T23:28:18Z" finished-at="2019-02-17T23:28:32Z">
          <exception class="java.lang.ArithmeticException">
            <message>
              <![CDATA[/ by zero]]>
            </message>
            <full-stacktrace>
              <![CDATA[java.lang.ArithmeticException: / by zero
	at TestNG_Test.SmokeTest.Smoketest2(SmokeTest.java:62)
	at sun.reflect.NativeMethodAccessorImpl.invoke0(Native Method)
	at sun.reflect.NativeMethodAccessorImpl.invoke(NativeMethodAccessorImpl.java:62)
	at sun.reflect.DelegatingMethodAccessorImpl.invoke(DelegatingMethodAccessorImpl.java:43)
	at java.lang.reflect.Method.invoke(Method.java:498)
	at org.testng.internal.MethodInvocationHelper.invokeMethod(MethodInvocationHelper.java:80)
	at org.testng.internal.Invoker.invokeMethod(Invoker.java:691)
	at org.testng.internal.Invoker.invokeTestMethod(Invoker.java:883)
	at org.testng.internal.Invoker.invokeTestMethods(Invoker.java:1208)
	at org.testng.internal.TestMethodWorker.invokeTestMethods(TestMethodWorker.java:127)
	at org.testng.internal.TestMethodWorker.run(TestMethodWorker.java:111)
	at org.testng.TestRunner.privateRun(TestRunner.java:758)
	at org.testng.TestRunner.run(TestRunner.java:613)
	at org.testng.SuiteRunner.runTest(SuiteRunner.java:334)
	at org.testng.SuiteRunner.runSequentially(SuiteRunner.java:329)
	at org.testng.SuiteRunner.privateRun(SuiteRunner.java:291)
	at org.testng.SuiteRunner.run(SuiteRunner.java:240)
	at org.testng.SuiteRunnerWorker.runSuite(SuiteRunnerWorker.java:53)
	at org.testng.SuiteRunnerWorker.run(SuiteRunnerWorker.java:87)
	at org.testng.TestNG.runSuitesSequentially(TestNG.java:1137)
	at org.testng.TestNG.runSuitesLocally(TestNG.java:1062)
	at org.testng.TestNG.run(TestNG.java:974)
	at org.apache.maven.surefire.testng.TestNGExecutor.run(TestNGExecutor.java:283)
	at org.apache.maven.surefire.testng.TestNGXmlTestSuite.execute(TestNGXmlTestSuite.java:75)
	at org.apache.maven.surefire.testng.TestNGProvider.invoke(TestNGProvider.java:120)
	at org.apache.maven.surefire.booter.ForkedBooter.invokeProviderInSameClassLoader(ForkedBooter.java:373)
	at org.apache.maven.surefire.booter.ForkedBooter.runSuitesInProcess(ForkedBooter.java:334)
	at org.apache.maven.surefire.booter.ForkedBooter.execute(ForkedBooter.java:119)
	at org.apache.maven.surefire.booter.ForkedBooter.main(ForkedBooter.java:407)
]]>
            </full-stacktrace>
          </exception>
        </test-method>
        <test-method status="PASS" signature="teardown(org.testng.ITestResult)[pri:0, instance:TestNG_Test.SmokeTest@5d624da6]" name="teardown" is-config="true" duration-ms="5563" started-at="2019-02-17T23:28:32Z" finished-at="2019-02-17T23:28:38Z">
          <params>
            <param index="0">
              <value>
                <![CDATA[[TestResult: Smoketest2 STATUS:FAILURE METHOD:SmokeTest.Smoketest2()[pri:-2, instance:TestNG_Test.SmokeTest@5d624da6]]
]]>
              </value>
            </param>
          </params>
        </test-method>
        <test-method status="PASS" signature="beforemethod(java.lang.reflect.Method)[pri:0, instance:TestNG_Test.SmokeTest@5d624da6]" name="beforemethod" is-config="true" duration-ms="15377" started-at="2019-02-17T23:28:38Z" finished-at="2019-02-17T23:28:53Z">
          <params>
            <param index="0">
              <value>
                <![CDATA[public void TestNG_Test.SmokeTest.Smoketest3() throws java.lang.InterruptedException]]>
              </value>
            </param>
          </params>
        </test-method>
        <test-method status="PASS" signature="Smoketest3()[pri:0, instance:TestNG_Test.SmokeTest@5d624da6]" name="Smoketest3" duration-ms="37568" started-at="2019-02-17T23:28:53Z" finished-at="2019-02-17T23:29:31Z">
        </test-method>
        <test-method status="PASS" signature="teardown(org.testng.ITestResult)[pri:0, instance:TestNG_Test.SmokeTest@5d624da6]" name="teardown" is-config="true" duration-ms="4083" started-at="2019-02-17T23:29:31Z" finished-at="2019-02-17T23:29:35Z">
          <params>
            <param index="0">
              <value>
                <![CDATA[[TestResult: Smoketest3 STATUS:SUCCESS METHOD:SmokeTest.Smoketest3()[pri:0, instance:TestNG_Test.SmokeTest@5d624da6]]
]]>
              </value>
            </param>
          </params>
        </test-method>
        <test-method status="PASS" signature="beforemethod(java.lang.reflect.Method)[pri:0, instance:TestNG_Test.SmokeTest@5d624da6]" name="beforemethod" is-config="true" duration-ms="16977" started-at="2019-02-17T23:29:35Z" finished-at="2019-02-17T23:29:52Z">
          <params>
            <param index="0">
              <value>
                <![CDATA[public void TestNG_Test.SmokeTest.SmokeTest1() throws java.lang.InterruptedException]]>
              </value>
            </param>
          </params>
        </test-method>
        <test-method status="PASS" signature="SmokeTest1()[pri:1, instance:TestNG_Test.SmokeTest@5d624da6]" name="SmokeTest1" duration-ms="31866" started-at="2019-02-17T23:29:52Z" finished-at="2019-02-17T23:30:24Z">
        </test-method>
        <test-method status="PASS" signature="teardown(org.testng.ITestResult)[pri:0, instance:TestNG_Test.SmokeTest@5d624da6]" name="teardown" is-config="true" duration-ms="4142" started-at="2019-02-17T23:30:24Z" finished-at="2019-02-17T23:30:28Z">
          <params>
            <param index="0">
              <value>
                <![CDATA[[TestResult: SmokeTest1 STATUS:SUCCESS METHOD:SmokeTest.SmokeTest1()[pri:1, instance:TestNG_Test.SmokeTest@5d624da6]]
]]>
              </value>
            </param>
          </params>
        </test-method>
      </class>
      <class name="TestNG_Test.SanityTest">
        <test-method status="PASS" signature="setupsuite()[pri:0, instance:TestNG_Test.SanityTest@2ef9b8bc]" name="setupsuite" is-config="true" duration-ms="381" started-at="2019-02-17T23:27:59Z" finished-at="2019-02-17T23:28:00Z">
        </test-method>
        <test-method status="PASS" signature="beforemethod(java.lang.reflect.Method)[pri:0, instance:TestNG_Test.SanityTest@2ef9b8bc]" name="beforemethod" is-config="true" duration-ms="15974" started-at="2019-02-17T23:30:28Z" finished-at="2019-02-17T23:30:44Z">
          <params>
            <param index="0">
              <value>
                <![CDATA[public void TestNG_Test.SanityTest.Sanitytest1(java.lang.String) throws java.lang.InterruptedException]]>
              </value>
            </param>
          </params>
        </test-method>
        <test-method status="FAIL" signature="Sanitytest1(java.lang.String)[pri:1, instance:TestNG_Test.SanityTest@2ef9b8bc]" name="Sanitytest1" duration-ms="22629" started-at="2019-02-17T23:30:44Z" finished-at="2019-02-17T23:31:06Z">
          <params>
            <param index="0">
              <value>
                <![CDATA[7694250]]>
              </value>
            </param>
          </params>
          <exception class="org.openqa.selenium.WebDriverException">
            <message>
              <![CDATA[unknown error: Element <button id="add-to-cart" class="show-loading-animation mz-productdetail-addtocart mz-button aceRed " data-mz-action="addToCart">...</button> is not clickable at point (776, 619). Other element would receive the click: <div class="acsModalBackdrop acsAbandonButton" data-isbackdrop="true">...</div>
  (Session info: chrome=72.0.3626.109)
  (Driver info: chromedriver=2.44.609538 (b655c5a60b0b544917107a59d4153d4bf78e1b90),platform=Windows NT 10.0.16299 x86_64) (WARNING: The server did not provide any stacktrace information)
Command duration or timeout: 70 milliseconds
Build info: version: '2.53.0', revision: '35ae25b1534ae328c771e0856c93e187490ca824', time: '2016-03-15 10:43:46'
System info: host: 'ROHITSOO01', ip: '192.168.0.6', os.name: 'Windows 10', os.arch: 'amd64', os.version: '10.0', java.version: '1.8.0_151'
Driver info: org.openqa.selenium.chrome.ChromeDriver
Capabilities [{mobileEmulationEnabled=false, hasTouchScreen=false, platform=XP, acceptSslCerts=false, goog:chromeOptions={debuggerAddress=localhost:52381}, acceptInsecureCerts=false, webStorageEnabled=true, browserName=chrome, takesScreenshot=true, javascriptEnabled=true, setWindowRect=true, unexpectedAlertBehaviour=ignore, applicationCacheEnabled=false, rotatable=false, networkConnectionEnabled=false, chrome={chromedriverVersion=2.44.609538 (b655c5a60b0b544917107a59d4153d4bf78e1b90), userDataDir=C:\WINDOWS\TEMP\scoped_dir25452_14061}, takesHeapSnapshot=true, pageLoadStrategy=normal, databaseEnabled=false, handlesAlerts=true, version=72.0.3626.109, browserConnectionEnabled=false, nativeEvents=true, locationContextEnabled=true, cssSelectorsEnabled=true}]
Session ID: fefb0ad50817b81b484eb370b2344a4c]]>
            </message>
            <full-stacktrace>
              <![CDATA[org.openqa.selenium.WebDriverException: unknown error: Element <button id="add-to-cart" class="show-loading-animation mz-productdetail-addtocart mz-button aceRed " data-mz-action="addToCart">...</button> is not clickable at point (776, 619). Other element would receive the click: <div class="acsModalBackdrop acsAbandonButton" data-isbackdrop="true">...</div>
  (Session info: chrome=72.0.3626.109)
  (Driver info: chromedriver=2.44.609538 (b655c5a60b0b544917107a59d4153d4bf78e1b90),platform=Windows NT 10.0.16299 x86_64) (WARNING: The server did not provide any stacktrace information)
Command duration or timeout: 70 milliseconds
Build info: version: '2.53.0', revision: '35ae25b1534ae328c771e0856c93e187490ca824', time: '2016-03-15 10:43:46'
System info: host: 'ROHITSOO01', ip: '192.168.0.6', os.name: 'Windows 10', os.arch: 'amd64', os.version: '10.0', java.version: '1.8.0_151'
Driver info: org.openqa.selenium.chrome.ChromeDriver
Capabilities [{mobileEmulationEnabled=false, hasTouchScreen=false, platform=XP, acceptSslCerts=false, goog:chromeOptions={debuggerAddress=localhost:52381}, acceptInsecureCerts=false, webStorageEnabled=true, browserName=chrome, takesScreenshot=true, javascriptEnabled=true, setWindowRect=true, unexpectedAlertBehaviour=ignore, applicationCacheEnabled=false, rotatable=false, networkConnectionEnabled=false, chrome={chromedriverVersion=2.44.609538 (b655c5a60b0b544917107a59d4153d4bf78e1b90), userDataDir=C:\WINDOWS\TEMP\scoped_dir25452_14061}, takesHeapSnapshot=true, pageLoadStrategy=normal, databaseEnabled=false, handlesAlerts=true, version=72.0.3626.109, browserConnectionEnabled=false, nativeEvents=true, locationContextEnabled=true, cssSelectorsEnabled=true}]
Session ID: fefb0ad50817b81b484eb370b2344a4c
	at sun.reflect.NativeConstructorAccessorImpl.newInstance0(Native Method)
	at sun.reflect.NativeConstructorAccessorImpl.newInstance(NativeConstructorAccessorImpl.java:62)
	at sun.reflect.DelegatingConstructorAccessorImpl.newInstance(DelegatingConstructorAccessorImpl.java:45)
	at java.lang.reflect.Constructor.newInstance(Constructor.java:423)
	at org.openqa.selenium.remote.ErrorHandler.createThrowable(ErrorHandler.java:206)
	at org.openqa.selenium.remote.ErrorHandler.throwIfResponseFailed(ErrorHandler.java:158)
	at org.openqa.selenium.remote.RemoteWebDriver.execute(RemoteWebDriver.java:678)
	at org.openqa.selenium.remote.RemoteWebElement.execute(RemoteWebElement.java:327)
	at org.openqa.selenium.remote.RemoteWebElement.click(RemoteWebElement.java:85)
	at utils.wrapper.click(wrapper.java:55)
	at Pages.ProductPage.addtocartbtn(ProductPage.java:31)
	at TestNG_Test.SanityTest.Sanitytest1(SanityTest.java:49)
	at sun.reflect.NativeMethodAccessorImpl.invoke0(Native Method)
	at sun.reflect.NativeMethodAccessorImpl.invoke(NativeMethodAccessorImpl.java:62)
	at sun.reflect.DelegatingMethodAccessorImpl.invoke(DelegatingMethodAccessorImpl.java:43)
	at java.lang.reflect.Method.invoke(Method.java:498)
	at org.testng.internal.MethodInvocationHelper.invokeMethod(MethodInvocationHelper.java:80)
	at org.testng.internal.Invoker.invokeMethod(Invoker.java:691)
	at org.testng.internal.Invoker.invokeTestMethod(Invoker.java:883)
	at org.testng.internal.Invoker.invokeTestMethods(Invoker.java:1208)
	at org.testng.internal.TestMethodWorker.invokeTestMethods(TestMethodWorker.java:127)
	at org.testng.internal.TestMethodWorker.run(TestMethodWorker.java:111)
	at org.testng.TestRunner.privateRun(TestRunner.java:758)
	at org.testng.TestRunner.run(TestRunner.java:613)
	at org.testng.SuiteRunner.runTest(SuiteRunner.java:334)
	at org.testng.SuiteRunner.runSequentially(SuiteRunner.java:329)
	at org.testng.SuiteRunner.privateRun(SuiteRunner.java:291)
	at org.testng.SuiteRunner.run(SuiteRunner.java:240)
	at org.testng.SuiteRunnerWorker.runSuite(SuiteRunnerWorker.java:53)
	at org.testng.SuiteRunnerWorker.run(SuiteRunnerWorker.java:87)
	at org.testng.TestNG.runSuitesSequentially(TestNG.java:1137)
	at org.testng.TestNG.runSuitesLocally(TestNG.java:1062)
	at org.testng.TestNG.run(TestNG.java:974)
	at org.apache.maven.surefire.testng.TestNGExecutor.run(TestNGExecutor.java:283)
	at org.apache.maven.surefire.testng.TestNGXmlTestSuite.execute(TestNGXmlTestSuite.java:75)
	at org.apache.maven.surefire.testng.TestNGProvider.invoke(TestNGProvider.java:120)
	at org.apache.maven.surefire.booter.ForkedBooter.invokeProviderInSameClassLoader(ForkedBooter.java:373)
	at org.apache.maven.surefire.booter.ForkedBooter.runSuitesInProcess(ForkedBooter.java:334)
	at org.apache.maven.surefire.booter.ForkedBooter.execute(ForkedBooter.java:119)
	at org.apache.maven.surefire.booter.ForkedBooter.main(ForkedBooter.java:407)
]]>
            </full-stacktrace>
          </exception>
        </test-method>
        <test-method status="PASS" signature="teardown(org.testng.ITestResult)[pri:0, instance:TestNG_Test.SanityTest@2ef9b8bc]" name="teardown" is-config="true" duration-ms="4247" started-at="2019-02-17T23:31:06Z" finished-at="2019-02-17T23:31:11Z">
          <params>
            <param index="0">
              <value>
                <![CDATA[[TestResult: Sanitytest1 STATUS:FAILURE METHOD:SanityTest.Sanitytest1(java.lang.String)[pri:1, instance:TestNG_Test.SanityTest@2ef9b8bc]]
]]>
              </value>
            </param>
          </params>
        </test-method>
        <test-method status="PASS" signature="beforemethod(java.lang.reflect.Method)[pri:0, instance:TestNG_Test.SanityTest@2ef9b8bc]" name="beforemethod" is-config="true" duration-ms="17570" started-at="2019-02-17T23:31:11Z" finished-at="2019-02-17T23:31:28Z">
          <params>
            <param index="0">
              <value>
                <![CDATA[public void TestNG_Test.SanityTest.Sanitytest3() throws java.lang.InterruptedException]]>
              </value>
            </param>
          </params>
        </test-method>
        <test-method status="PASS" signature="Sanitytest3()[pri:1, instance:TestNG_Test.SanityTest@2ef9b8bc]" name="Sanitytest3" duration-ms="27877" started-at="2019-02-17T23:31:28Z" finished-at="2019-02-17T23:31:56Z">
        </test-method>
        <test-method status="PASS" signature="teardown(org.testng.ITestResult)[pri:0, instance:TestNG_Test.SanityTest@2ef9b8bc]" name="teardown" is-config="true" duration-ms="3927" started-at="2019-02-17T23:31:56Z" finished-at="2019-02-17T23:32:00Z">
          <params>
            <param index="0">
              <value>
                <![CDATA[[TestResult: Sanitytest3 STATUS:SUCCESS METHOD:SanityTest.Sanitytest3()[pri:1, instance:TestNG_Test.SanityTest@2ef9b8bc]]
]]>
              </value>
            </param>
          </params>
        </test-method>
        <test-method status="PASS" signature="teardownsuite()[pri:0, instance:TestNG_Test.SanityTest@2ef9b8bc]" name="teardownsuite" is-config="true" duration-ms="604" started-at="2019-02-17T23:32:00Z" finished-at="2019-02-17T23:32:01Z">
        </test-method>
      </class>
    </test>
  </suite>
</testng-results>
